<?xml version="1.0" encoding="UTF-8"?>
<!-- Generated by org.testng.reporters.JUnitXMLReporter -->
<testsuite ignored="0" hostname="DESKTOP-UM2MPT8" failures="0" tests="8" name="POMEBankAppTest4" time="22.959" errors="0" timestamp="2023-09-15T15:50:09 IST">
  <testcase classname="TestScenarios.LoginPageTest" name="LoginPageUITest" time="0.135"/>
  <testcase classname="TestScenarios.LoginPageTest" name="SubmissionWithEmptyInput" time="0.258"/>
  <testcase classname="TestScenarios.LoginPageTest" name="SubmissionWithEmptyUserId" time="0.472"/>
  <testcase classname="TestScenarios.LoginPageTest" name="SubmissionWithEmptyPIN" time="0.446"/>
  <testcase classname="TestScenarios.LoginPageTest" name="SubmissionWithInvalidPin" time="0.547"/>
  <testcase classname="TestScenarios.LoginPageTest" name="SubmissionWithValidInput" time="0.902"/>
  <testcase classname="TestScenarios.HomePageTest" name="HomePageUI" time="0.98"/>
  <testcase classname="TestScenarios.HomePageTest" name="LogoutFunctionality" time="0.957"/>
</testsuite> <!-- POMEBankAppTest4 -->
